This file contains any messages produced by compilers while
running configure, to aid debugging if configure makes a mistake.

It was created by mrbayes configure 3.2, which was
generated by GNU Autoconf 2.69.  Invocation command line was

  $ ./configure --with-beagle=no

## --------- ##
## Platform. ##
## --------- ##

hostname = tiagobalm
uname -m = x86_64
uname -r = 4.13.0-39-generic
uname -s = Linux
uname -v = #44~16.04.1-Ubuntu SMP Thu Apr 5 16:43:10 UTC 2018

/usr/bin/uname -p = unknown
/bin/uname -X     = unknown

/bin/arch              = unknown
/usr/bin/arch -k       = unknown
/usr/convex/getsysinfo = unknown
/usr/bin/hostinfo      = unknown
/bin/machine           = unknown
/usr/bin/oslevel       = unknown
/bin/universe          = unknown

PATH: /opt/android-studio/bin
PATH: /home/tiagobalm/.local/share/umake/bin
PATH: /home/tiagobalm/bin
PATH: /home/tiagobalm/.local/bin
PATH: /usr/local/sbin
PATH: /usr/local/bin
PATH: /usr/sbin
PATH: /usr/bin
PATH: /sbin
PATH: /bin
PATH: /usr/games
PATH: /usr/local/games
PATH: /snap/bin
PATH: /usr/lib/jvm/java-8-oracle/bin
PATH: /usr/lib/jvm/java-8-oracle/db/bin
PATH: /usr/lib/jvm/java-8-oracle/jre/bin


## ----------- ##
## Core tests. ##
## ----------- ##

configure:1973: checking for gcc
configure:1989: found /usr/bin/gcc
configure:2000: result: gcc
configure:2229: checking for C compiler version
configure:2238: gcc --version >&5
gcc (Ubuntu 5.4.0-6ubuntu1~16.04.9) 5.4.0 20160609
Copyright (C) 2015 Free Software Foundation, Inc.
This is free software; see the source for copying conditions.  There is NO
warranty; not even for MERCHANTABILITY or FITNESS FOR A PARTICULAR PURPOSE.

configure:2249: $? = 0
configure:2238: gcc -v >&5
Using built-in specs.
COLLECT_GCC=gcc
COLLECT_LTO_WRAPPER=/usr/lib/gcc/x86_64-linux-gnu/5/lto-wrapper
Target: x86_64-linux-gnu
Configured with: ../src/configure -v --with-pkgversion='Ubuntu 5.4.0-6ubuntu1~16.04.9' --with-bugurl=file:///usr/share/doc/gcc-5/README.Bugs --enable-languages=c,ada,c++,java,go,d,fortran,objc,obj-c++ --prefix=/usr --program-suffix=-5 --enable-shared --enable-linker-build-id --libexecdir=/usr/lib --without-included-gettext --enable-threads=posix --libdir=/usr/lib --enable-nls --with-sysroot=/ --enable-clocale=gnu --enable-libstdcxx-debug --enable-libstdcxx-time=yes --with-default-libstdcxx-abi=new --enable-gnu-unique-object --disable-vtable-verify --enable-libmpx --enable-plugin --with-system-zlib --disable-browser-plugin --enable-java-awt=gtk --enable-gtk-cairo --with-java-home=/usr/lib/jvm/java-1.5.0-gcj-5-amd64/jre --enable-java-home --with-jvm-root-dir=/usr/lib/jvm/java-1.5.0-gcj-5-amd64 --with-jvm-jar-dir=/usr/lib/jvm-exports/java-1.5.0-gcj-5-amd64 --with-arch-directory=amd64 --with-ecj-jar=/usr/share/java/eclipse-ecj.jar --enable-objc-gc --enable-multiarch --disable-werror --with-arch-32=i686 --with-abi=m64 --with-multilib-list=m32,m64,mx32 --enable-multilib --with-tune=generic --enable-checking=release --build=x86_64-linux-gnu --host=x86_64-linux-gnu --target=x86_64-linux-gnu
Thread model: posix
gcc version 5.4.0 20160609 (Ubuntu 5.4.0-6ubuntu1~16.04.9) 
configure:2249: $? = 0
configure:2238: gcc -V >&5
gcc: error: unrecognized command line option '-V'
gcc: fatal error: no input files
compilation terminated.
configure:2249: $? = 1
configure:2238: gcc -qversion >&5
gcc: error: unrecognized command line option '-qversion'
gcc: fatal error: no input files
compilation terminated.
configure:2249: $? = 1
configure:2269: checking whether the C compiler works
configure:2291: gcc -O3 -DNDEBUG   conftest.c  >&5
configure:2295: $? = 0
configure:2343: result: yes
configure:2346: checking for C compiler default output file name
configure:2348: result: a.out
configure:2354: checking for suffix of executables
configure:2361: gcc -o conftest -O3 -DNDEBUG   conftest.c  >&5
configure:2365: $? = 0
configure:2387: result: 
configure:2409: checking whether we are cross compiling
configure:2417: gcc -o conftest -O3 -DNDEBUG   conftest.c  >&5
configure:2421: $? = 0
configure:2428: ./conftest
configure:2432: $? = 0
configure:2447: result: no
configure:2452: checking for suffix of object files
configure:2474: gcc -c -O3 -DNDEBUG  conftest.c >&5
configure:2478: $? = 0
configure:2499: result: o
configure:2503: checking whether we are using the GNU C compiler
configure:2522: gcc -c -O3 -DNDEBUG  conftest.c >&5
configure:2522: $? = 0
configure:2531: result: yes
configure:2540: checking whether gcc accepts -g
configure:2560: gcc -c -g  conftest.c >&5
configure:2560: $? = 0
configure:2601: result: yes
configure:2618: checking for gcc option to accept ISO C89
configure:2681: gcc  -c -O3 -DNDEBUG  conftest.c >&5
configure:2681: $? = 0
configure:2694: result: none needed
configure:2721: checking how to run the C preprocessor
configure:2752: gcc -E  conftest.c
configure:2752: $? = 0
configure:2766: gcc -E  conftest.c
conftest.c:9:28: fatal error: ac_nonexistent.h: No such file or directory
compilation terminated.
configure:2766: $? = 1
configure: failed program was:
| /* confdefs.h */
| #define PACKAGE_NAME "mrbayes"
| #define PACKAGE_TARNAME "mrbayes"
| #define PACKAGE_VERSION "3.2"
| #define PACKAGE_STRING "mrbayes 3.2"
| #define PACKAGE_BUGREPORT "http://www.mrbayes.net"
| #define PACKAGE_URL ""
| /* end confdefs.h.  */
| #include <ac_nonexistent.h>
configure:2791: result: gcc -E
configure:2811: gcc -E  conftest.c
configure:2811: $? = 0
configure:2825: gcc -E  conftest.c
conftest.c:9:28: fatal error: ac_nonexistent.h: No such file or directory
compilation terminated.
configure:2825: $? = 1
configure: failed program was:
| /* confdefs.h */
| #define PACKAGE_NAME "mrbayes"
| #define PACKAGE_TARNAME "mrbayes"
| #define PACKAGE_VERSION "3.2"
| #define PACKAGE_STRING "mrbayes 3.2"
| #define PACKAGE_BUGREPORT "http://www.mrbayes.net"
| #define PACKAGE_URL ""
| /* end confdefs.h.  */
| #include <ac_nonexistent.h>
configure:2854: checking for grep that handles long lines and -e
configure:2912: result: /bin/grep
configure:2917: checking for egrep
configure:2979: result: /bin/grep -E
configure:2984: checking for ANSI C header files
configure:3004: gcc -c -O3 -DNDEBUG  conftest.c >&5
configure:3004: $? = 0
configure:3077: gcc -o conftest -O3 -DNDEBUG   conftest.c  >&5
configure:3077: $? = 0
configure:3077: ./conftest
configure:3077: $? = 0
configure:3088: result: yes
configure:3096: checking for exp in -lm
configure:3121: gcc -o conftest -O3 -DNDEBUG   conftest.c -lm   >&5
conftest.c:17:6: warning: conflicting types for built-in function 'exp'
 char exp ();
      ^
configure:3121: $? = 0
configure:3130: result: yes
configure:3184: checking for a BSD-compatible install
configure:3252: result: /usr/bin/install -c
configure:3341: checking for SSE support
configure:3364: gcc -o conftest -O3 -DNDEBUG   conftest.c -lm  >&5
configure:3364: $? = 0
configure:3364: ./conftest
configure:3364: $? = 0
configure:3365: result: yes
configure:3603: checking for readline in -lreadline
configure:3628: gcc -o conftest -O3 -DNDEBUG   conftest.c -lreadline  -lm  >&5
/usr/bin/ld: cannot find -lreadline
collect2: error: ld returned 1 exit status
configure:3628: $? = 1
configure: failed program was:
| /* confdefs.h */
| #define PACKAGE_NAME "mrbayes"
| #define PACKAGE_TARNAME "mrbayes"
| #define PACKAGE_VERSION "3.2"
| #define PACKAGE_STRING "mrbayes 3.2"
| #define PACKAGE_BUGREPORT "http://www.mrbayes.net"
| #define PACKAGE_URL ""
| #define STDC_HEADERS 1
| #define HAVE_LIBM 1
| #define SSE_ENABLED 1
| #define UNIX_VERSION 1
| /* end confdefs.h.  */
| 
| /* Override any GCC internal prototype to avoid an error.
|    Use char because int might match the return type of a GCC
|    builtin and then its argument prototype would still apply.  */
| #ifdef __cplusplus
| extern "C"
| #endif
| char readline ();
| int
| main ()
| {
| return readline ();
|   ;
|   return 0;
| }
configure:3637: result: no
configure:3680: checking for 32 or 64 bits cpu
configure:3694: gcc -o conftest -O3 -DNDEBUG   conftest.c -lm  >&5
configure:3694: $? = 0
configure:3694: ./conftest
configure:3694: $? = 0
configure:3695: result: 64
configure:3828: creating ./config.status

## ---------------------- ##
## Running config.status. ##
## ---------------------- ##

This file was extended by mrbayes config.status 3.2, which was
generated by GNU Autoconf 2.69.  Invocation command line was

  CONFIG_FILES    = 
  CONFIG_HEADERS  = 
  CONFIG_LINKS    = 
  CONFIG_COMMANDS = 
  $ ./config.status 

on tiagobalm

config.status:798: creating Makefile
config.status:798: creating config.h

## ---------------- ##
## Cache variables. ##
## ---------------- ##

ac_cv_c_compiler_gnu=yes
ac_cv_env_CC_set=
ac_cv_env_CC_value=
ac_cv_env_CFLAGS_set=
ac_cv_env_CFLAGS_value=
ac_cv_env_CPPFLAGS_set=
ac_cv_env_CPPFLAGS_value=
ac_cv_env_CPP_set=
ac_cv_env_CPP_value=
ac_cv_env_LDFLAGS_set=
ac_cv_env_LDFLAGS_value=
ac_cv_env_LIBS_set=
ac_cv_env_LIBS_value=
ac_cv_env_build_alias_set=
ac_cv_env_build_alias_value=
ac_cv_env_host_alias_set=
ac_cv_env_host_alias_value=
ac_cv_env_target_alias_set=
ac_cv_env_target_alias_value=
ac_cv_header_stdc=yes
ac_cv_lib_m_exp=yes
ac_cv_lib_readline_readline=no
ac_cv_objext=o
ac_cv_path_EGREP='/bin/grep -E'
ac_cv_path_GREP=/bin/grep
ac_cv_path_install='/usr/bin/install -c'
ac_cv_prog_CPP='gcc -E'
ac_cv_prog_ac_ct_CC=gcc
ac_cv_prog_cc_c89=
ac_cv_prog_cc_g=yes

## ----------------- ##
## Output variables. ##
## ----------------- ##

CC='gcc'
CFLAGS='-O3 -DNDEBUG'
CPP='gcc -E'
CPPFLAGS=''
DEFS='-DHAVE_CONFIG_H'
ECHO_C=''
ECHO_N='-n'
ECHO_T=''
EGREP='/bin/grep -E'
EXEEXT=''
GREP='/bin/grep'
INSTALL_DATA='${INSTALL} -m 644'
INSTALL_PROGRAM='${INSTALL}'
INSTALL_SCRIPT='${INSTALL}'
LDFLAGS=''
LIBOBJS=''
LIBS='-lm '
LTLIBOBJS=''
OBJEXT='o'
PACKAGE_BUGREPORT='http://www.mrbayes.net'
PACKAGE_NAME='mrbayes'
PACKAGE_STRING='mrbayes 3.2'
PACKAGE_TARNAME='mrbayes'
PACKAGE_URL=''
PACKAGE_VERSION='3.2'
PATH_SEPARATOR=':'
SHELL='/bin/bash'
ac_ct_CC='gcc'
bindir='${exec_prefix}/bin'
build_alias=''
datadir='${datarootdir}'
datarootdir='${prefix}/share'
docdir='${datarootdir}/doc/${PACKAGE_TARNAME}'
dvidir='${docdir}'
exec_prefix='${prefix}'
host_alias=''
htmldir='${docdir}'
includedir='${prefix}/include'
infodir='${datarootdir}/info'
libdir='${exec_prefix}/lib'
libexecdir='${exec_prefix}/libexec'
localedir='${datarootdir}/locale'
localstatedir='${prefix}/var'
mandir='${datarootdir}/man'
mpicc=''
oldincludedir='/usr/include'
pdfdir='${docdir}'
prefix='/usr/local'
program_transform_name='s,x,x,'
psdir='${docdir}'
runstatedir='${localstatedir}/run'
sbindir='${exec_prefix}/sbin'
sharedstatedir='${prefix}/com'
sysconfdir='${prefix}/etc'
target_alias=''

## ----------- ##
## confdefs.h. ##
## ----------- ##

/* confdefs.h */
#define PACKAGE_NAME "mrbayes"
#define PACKAGE_TARNAME "mrbayes"
#define PACKAGE_VERSION "3.2"
#define PACKAGE_STRING "mrbayes 3.2"
#define PACKAGE_BUGREPORT "http://www.mrbayes.net"
#define PACKAGE_URL ""
#define STDC_HEADERS 1
#define HAVE_LIBM 1
#define SSE_ENABLED 1
#define UNIX_VERSION 1
#define _64BIT 1

configure: exit 0
